:Sim
a:Não
b:Não
aa:Sim
ab:Não
ba:Não
bb:Sim
aaa:Não
aab:Não
aba:Não
abb:Não
baa:Não
bab:Não
bba:Não
bbb:Não
aaaa:Sim
aaab:Não
aaba:Não
aabb:Não
abaa:Não
abab:Sim
abba:Não
abbb:Não
baaa:Não
baab:Não
baba:Sim
babb:Não
bbaa:Não
bbab:Não
bbba:Não
bbbb:Sim
aaaaa:Não
aaaab:Não
aaaba:Não
aaabb:Não
aabaa:Não
aabab:Não
aabba:Não
aabbb:Não
abaaa:Não
abaab:Não
ababa:Não
ababb:Não
abbaa:Não
abbab:Não
abbba:Não
abbbb:Não
baaaa:Não
baaab:Não
baaba:Não
baabb:Não
babaa:Não
babab:Não
babba:Não
babbb:Não
bbaaa:Não
bbaab:Não
bbaba:Não
bbabb:Não
bbbaa:Não
bbbab:Não
bbbba:Não
bbbbb:Não
aaaaaa:Sim
aaaaab:Não
aaaaba:Não
aaaabb:Não
aaabaa:Não
aaabab:Não
aaabba:Não
aaabbb:Não
aabaaa:Não
aabaab:Sim
aababa:Não
aababb:Não
aabbaa:Não
aabbab:Não
aabbba:Não
aabbbb:Não
abaaaa:Não
abaaab:Não
abaaba:Sim
abaabb:Não
ababaa:Não
ababab:Não
ababba:Não
ababbb:Não
abbaaa:Não
abbaab:Não
abbaba:Não
abbabb:Sim
abbbaa:Não
abbbab:Não
abbbba:Não
abbbbb:Não
baaaaa:Não
baaaab:Não
baaaba:Não
baaabb:Não
baabaa:Sim
baabab:Não
baabba:Não
baabbb:Não
babaaa:Não
babaab:Não
bababa:Não
bababb:Não
babbaa:Não
babbab:Sim
babbba:Não
babbbb:Não
bbaaaa:Não
bbaaab:Não
bbaaba:Não
bbaabb:Não
bbabaa:Não
bbabab:Não
bbabba:Sim
bbabbb:Não
bbbaaa:Não
bbbaab:Não
bbbaba:Não
bbbabb:Não
bbbbaa:Não
bbbbab:Não
bbbbba:Não
bbbbbb:Sim
